<?xml version="1.0" encoding="UTF-8"?>
<!-- Generated by org.testng.reporters.JUnitReportReporter -->
<testsuite hostname="DESKTOP-V3061FL" failures="0" tests="4" name="test.TC002_LoginTest" time="74.055" errors="0" timestamp="2024-03-28T01:04:17 IST" skipped="0">
  <testcase classname="test.TC002_LoginTest" name="loginTest" time="22.242"/>
  <system-out/>
  <testcase classname="test.TC002_LoginTest" name="loginTest" time="21.143"/>
  <system-out/>
  <testcase classname="test.TC002_LoginTest" name="loginTest" time="15.358"/>
  <system-out/>
  <testcase classname="test.TC002_LoginTest" name="loginTest" time="15.312"/>
  <system-out/>
</testsuite> <!-- test.TC002_LoginTest -->
