<?xml version="1.0" encoding="UTF-8"?>
<!-- Generated by org.testng.reporters.JUnitReportReporter -->
<testsuite hostname="DESKTOP-V3061FL" failures="0" tests="1" name="test.TC003_OneWayTrip" time="86.491" errors="0" timestamp="2024-03-28T01:04:17 IST" skipped="0">
  <testcase classname="test.TC003_OneWayTrip" name="OneWayTrip" time="86.491"/>
  <system-out/>
</testsuite> <!-- test.TC003_OneWayTrip -->
