<?xml version="1.0" encoding="UTF-8"?>
<!-- Generated by org.testng.reporters.JUnitReportReporter -->
<testsuite hostname="DESKTOP-V3061FL" failures="0" tests="1" name="test.TC005_MenuValidation" time="31.813" errors="0" timestamp="2024-03-28T01:04:17 IST" skipped="0">
  <testcase classname="test.TC005_MenuValidation" name="menuValidation" time="31.813"/>
  <system-out/>
</testsuite> <!-- test.TC005_MenuValidation -->
